<?xml version="1.0" encoding="UTF-8"?>
<coverage generated="1778815267897" clover="3.2.0">
  <project timestamp="1778815267898" name="All files">
    <metrics statements="216" coveredstatements="184" conditionals="111" coveredconditionals="91" methods="42" coveredmethods="40" elements="369" coveredelements="315" complexity="0" loc="216" ncloc="216" packages="1" files="1" classes="1"/>
    <file name="index.ts" path="C:\Users\David\OneDrive\Documentos\GitHub\ProInf_OutfitAlDia\backend\src\index.ts">
      <metrics statements="216" coveredstatements="184" conditionals="111" coveredconditionals="91" methods="42" coveredmethods="40"/>
      <line num="1" count="2" type="stmt"/>
      <line num="2" count="2" type="stmt"/>
      <line num="3" count="2" type="stmt"/>
      <line num="4" count="2" type="stmt"/>
      <line num="5" count="2" type="stmt"/>
      <line num="6" count="2" type="stmt"/>
      <line num="7" count="2" type="stmt"/>
      <line num="8" count="2" type="stmt"/>
      <line num="10" count="2" type="stmt"/>
      <line num="12" count="2" type="stmt"/>
      <line num="13" count="2" type="stmt"/>
      <line num="14" count="2" type="stmt"/>
      <line num="15" count="2" type="stmt"/>
      <line num="17" count="2" type="cond" truecount="2" falsecount="0"/>
      <line num="19" count="2" type="stmt"/>
      <line num="20" count="2" type="stmt"/>
      <line num="24" count="2" type="stmt"/>
      <line num="25" count="30" type="stmt"/>
      <line num="26" count="30" type="cond" truecount="2" falsecount="0"/>
      <line num="28" count="30" type="cond" truecount="2" falsecount="0"/>
      <line num="30" count="29" type="stmt"/>
      <line num="31" count="29" type="cond" truecount="2" falsecount="0"/>
      <line num="32" count="28" type="stmt"/>
      <line num="33" count="28" type="stmt"/>
      <line num="38" count="2" type="stmt"/>
      <line num="39" count="6" type="stmt"/>
      <line num="40" count="6" type="stmt"/>
      <line num="48" count="6" type="stmt"/>
      <line num="49" count="6" type="stmt"/>
      <line num="51" count="6" type="stmt"/>
      <line num="52" count="6" type="cond" truecount="5" falsecount="0"/>
      <line num="53" count="1" type="stmt"/>
      <line num="57" count="5" type="cond" truecount="2" falsecount="0"/>
      <line num="58" count="1" type="stmt"/>
      <line num="65" count="4" type="stmt"/>
      <line num="66" count="4" type="cond" truecount="2" falsecount="0"/>
      <line num="67" count="1" type="stmt"/>
      <line num="70" count="3" type="stmt"/>
      <line num="71" count="3" type="stmt"/>
      <line num="75" count="3" type="stmt"/>
      <line num="77" count="0" type="stmt"/>
      <line num="82" count="4" type="stmt"/>
      <line num="83" count="4" type="stmt"/>
      <line num="84" count="4" type="stmt"/>
      <line num="85" count="4" type="stmt"/>
      <line num="86" count="4" type="cond" truecount="4" falsecount="0"/>
      <line num="87" count="1" type="stmt"/>
      <line num="89" count="3" type="stmt"/>
      <line num="90" count="3" type="stmt"/>
      <line num="95" count="0" type="stmt"/>
      <line num="100" count="4" type="stmt"/>
      <line num="101" count="4" type="stmt"/>
      <line num="102" count="4" type="stmt"/>
      <line num="104" count="4" type="stmt"/>
      <line num="105" count="4" type="stmt"/>
      <line num="108" count="4" type="cond" truecount="2" falsecount="0"/>
      <line num="109" count="1" type="stmt"/>
      <line num="113" count="4" type="cond" truecount="4" falsecount="0"/>
      <line num="114" count="1" type="cond" truecount="1" falsecount="1"/>
      <line num="115" count="1" type="stmt"/>
      <line num="120" count="0" type="stmt"/>
      <line num="124" count="3" type="cond" truecount="2" falsecount="0"/>
      <line num="125" count="2" type="cond" truecount="4" falsecount="0"/>
      <line num="126" count="1" type="stmt"/>
      <line num="129" count="2" type="cond" truecount="2" falsecount="0"/>
      <line num="130" count="1" type="cond" truecount="1" falsecount="1"/>
      <line num="131" count="0" type="stmt"/>
      <line num="135" count="1" type="stmt"/>
      <line num="140" count="1" type="stmt"/>
      <line num="141" count="1" type="stmt"/>
      <line num="144" count="0" type="stmt"/>
      <line num="145" count="0" type="stmt"/>
      <line num="150" count="2" type="stmt"/>
      <line num="151" count="0" type="stmt"/>
      <line num="155" count="2" type="stmt"/>
      <line num="156" count="1" type="stmt"/>
      <line num="157" count="1" type="stmt"/>
      <line num="158" count="1" type="stmt"/>
      <line num="160" count="0" type="stmt"/>
      <line num="168" count="2" type="stmt"/>
      <line num="169" count="1" type="stmt"/>
      <line num="170" count="1" type="stmt"/>
      <line num="172" count="1" type="stmt"/>
      <line num="173" count="1" type="stmt"/>
      <line num="175" count="1" type="cond" truecount="1" falsecount="1"/>
      <line num="176" count="1" type="cond" truecount="1" falsecount="1"/>
      <line num="178" count="1" type="stmt"/>
      <line num="184" count="1" type="stmt"/>
      <line num="186" count="0" type="stmt"/>
      <line num="190" count="2" type="stmt"/>
      <line num="191" count="1" type="stmt"/>
      <line num="192" count="1" type="stmt"/>
      <line num="194" count="1" type="stmt"/>
      <line num="195" count="1" type="cond" truecount="6" falsecount="2"/>
      <line num="197" count="1" type="stmt"/>
      <line num="198" count="1" type="stmt"/>
      <line num="200" count="1" type="stmt"/>
      <line num="211" count="1" type="stmt"/>
      <line num="213" count="0" type="stmt"/>
      <line num="214" count="0" type="stmt"/>
      <line num="218" count="2" type="stmt"/>
      <line num="219" count="2" type="stmt"/>
      <line num="220" count="2" type="stmt"/>
      <line num="221" count="2" type="stmt"/>
      <line num="224" count="2" type="cond" truecount="2" falsecount="0"/>
      <line num="225" count="1" type="stmt"/>
      <line num="227" count="0" type="stmt"/>
      <line num="231" count="7" type="stmt"/>
      <line num="232" count="7" type="stmt"/>
      <line num="233" count="7" type="stmt"/>
      <line num="235" count="7" type="stmt"/>
      <line num="236" count="7" type="cond" truecount="4" falsecount="0"/>
      <line num="237" count="1" type="stmt"/>
      <line num="239" count="6" type="cond" truecount="4" falsecount="0"/>
      <line num="240" count="1" type="stmt"/>
      <line num="242" count="5" type="cond" truecount="4" falsecount="0"/>
      <line num="243" count="1" type="stmt"/>
      <line num="246" count="4" type="stmt"/>
      <line num="259" count="4" type="stmt"/>
      <line num="261" count="0" type="stmt"/>
      <line num="262" count="0" type="stmt"/>
      <line num="266" count="2" type="stmt"/>
      <line num="267" count="1" type="stmt"/>
      <line num="268" count="1" type="stmt"/>
      <line num="269" count="1" type="stmt"/>
      <line num="270" count="1" type="stmt"/>
      <line num="274" count="1" type="cond" truecount="1" falsecount="1"/>
      <line num="275" count="1" type="stmt"/>
      <line num="277" count="0" type="stmt"/>
      <line num="282" count="2" type="stmt"/>
      <line num="283" count="2" type="stmt"/>
      <line num="284" count="2" type="stmt"/>
      <line num="285" count="2" type="stmt"/>
      <line num="287" count="2" type="stmt"/>
      <line num="291" count="2" type="cond" truecount="2" falsecount="0"/>
      <line num="292" count="1" type="stmt"/>
      <line num="297" count="1" type="stmt"/>
      <line num="301" count="1" type="stmt"/>
      <line num="303" count="0" type="stmt"/>
      <line num="308" count="2" type="stmt"/>
      <line num="309" count="1" type="stmt"/>
      <line num="310" count="1" type="stmt"/>
      <line num="312" count="1" type="stmt"/>
      <line num="313" count="1" type="stmt"/>
      <line num="314" count="1" type="stmt"/>
      <line num="316" count="1" type="stmt"/>
      <line num="317" count="1" type="cond" truecount="4" falsecount="2"/>
      <line num="319" count="1" type="stmt"/>
      <line num="324" count="1" type="cond" truecount="2" falsecount="2"/>
      <line num="325" count="0" type="stmt"/>
      <line num="326" count="0" type="stmt"/>
      <line num="328" count="0" type="cond" truecount="0" falsecount="2"/>
      <line num="329" count="0" type="stmt"/>
      <line num="336" count="1" type="stmt"/>
      <line num="337" count="1" type="stmt"/>
      <line num="339" count="0" type="stmt"/>
      <line num="343" count="2" type="stmt"/>
      <line num="344" count="1" type="stmt"/>
      <line num="345" count="1" type="stmt"/>
      <line num="346" count="1" type="stmt"/>
      <line num="347" count="1" type="stmt"/>
      <line num="348" count="1" type="stmt"/>
      <line num="350" count="1" type="stmt"/>
      <line num="355" count="1" type="cond" truecount="1" falsecount="1"/>
      <line num="357" count="1" type="stmt"/>
      <line num="358" count="1" type="stmt"/>
      <line num="360" count="0" type="stmt"/>
      <line num="369" count="4" type="stmt"/>
      <line num="370" count="4" type="stmt"/>
      <line num="371" count="4" type="stmt"/>
      <line num="373" count="4" type="stmt"/>
      <line num="374" count="4" type="cond" truecount="3" falsecount="1"/>
      <line num="375" count="0" type="stmt"/>
      <line num="378" count="4" type="cond" truecount="3" falsecount="1"/>
      <line num="379" count="0" type="stmt"/>
      <line num="382" count="4" type="stmt"/>
      <line num="386" count="4" type="cond" truecount="1" falsecount="1"/>
      <line num="387" count="0" type="stmt"/>
      <line num="390" count="8" type="stmt"/>
      <line num="392" count="4" type="cond" truecount="2" falsecount="0"/>
      <line num="393" count="1" type="stmt"/>
      <line num="396" count="6" type="stmt"/>
      <line num="397" count="3" type="cond" truecount="2" falsecount="0"/>
      <line num="398" count="1" type="stmt"/>
      <line num="401" count="2" type="stmt"/>
      <line num="403" count="2" type="stmt"/>
      <line num="408" count="2" type="stmt"/>
      <line num="409" count="2" type="stmt"/>
      <line num="410" count="1" type="stmt"/>
      <line num="413" count="2" type="cond" truecount="2" falsecount="0"/>
      <line num="414" count="1" type="stmt"/>
      <line num="420" count="1" type="stmt"/>
      <line num="425" count="2" type="stmt"/>
      <line num="432" count="1" type="stmt"/>
      <line num="435" count="0" type="stmt"/>
      <line num="436" count="0" type="stmt"/>
      <line num="441" count="2" type="stmt"/>
      <line num="442" count="1" type="stmt"/>
      <line num="443" count="1" type="stmt"/>
      <line num="450" count="1" type="stmt"/>
      <line num="452" count="0" type="stmt"/>
      <line num="457" count="2" type="stmt"/>
      <line num="458" count="1" type="stmt"/>
      <line num="459" count="1" type="stmt"/>
      <line num="460" count="1" type="stmt"/>
      <line num="464" count="1" type="stmt"/>
      <line num="466" count="0" type="stmt"/>
      <line num="471" count="2" type="stmt"/>
      <line num="472" count="1" type="stmt"/>
      <line num="473" count="1" type="stmt"/>
      <line num="476" count="1" type="stmt"/>
      <line num="478" count="0" type="stmt"/>
      <line num="482" count="2" type="stmt"/>
      <line num="484" count="2" type="cond" truecount="1" falsecount="1"/>
      <line num="485" count="0" type="cond" truecount="0" falsecount="2"/>
      <line num="486" count="0" type="stmt"/>
    </file>
  </project>
</coverage>
