{"C:\\Users\\David\\OneDrive\\Documentos\\GitHub\\ProInf_OutfitAlDia\\backend\\src\\index.ts": {"path":"C:\\Users\\David\\OneDrive\\Documentos\\GitHub\\ProInf_OutfitAlDia\\backend\\src\\index.ts","statementMap":{"0":{"start":{"line":1,"column":0},"end":{"line":1,"column":23}},"1":{"start":{"line":2,"column":0},"end":{"line":2,"column":30}},"2":{"start":{"line":3,"column":0},"end":{"line":3,"column":24}},"3":{"start":{"line":4,"column":0},"end":{"line":4,"column":46}},"4":{"start":{"line":5,"column":0},"end":{"line":5,"column":26}},"5":{"start":{"line":6,"column":0},"end":{"line":6,"column":46}},"6":{"start":{"line":7,"column":0},"end":{"line":7,"column":28}},"7":{"start":{"line":8,"column":0},"end":{"line":8,"column":31}},"8":{"start":{"line":10,"column":12},"end":{"line":10,"column":21}},"9":{"start":{"line":12,"column":25},"end":{"line":12,"column":49}},"10":{"start":{"line":13,"column":13},"end":{"line":13,"column":43}},"11":{"start":{"line":14,"column":16},"end":{"line":14,"column":41}},"12":{"start":{"line":15,"column":13},"end":{"line":15,"column":52}},"13":{"start":{"line":17,"column":19},"end":{"line":17,"column":78}},"14":{"start":{"line":19,"column":0},"end":{"line":19,"column":16}},"15":{"start":{"line":20,"column":0},"end":{"line":20,"column":24}},"16":{"start":{"line":24,"column":26},"end":{"line":35,"column":1}},"17":{"start":{"line":25,"column":21},"end":{"line":25,"column":49}},"18":{"start":{"line":26,"column":16},"end":{"line":26,"column":54}},"19":{"start":{"line":28,"column":2},"end":{"line":28,"column":97}},"20":{"start":{"line":28,"column":14},"end":{"line":28,"column":97}},"21":{"start":{"line":30,"column":2},"end":{"line":34,"column":5}},"22":{"start":{"line":31,"column":4},"end":{"line":31,"column":85}},"23":{"start":{"line":31,"column":13},"end":{"line":31,"column":85}},"24":{"start":{"line":32,"column":4},"end":{"line":32,"column":20}},"25":{"start":{"line":33,"column":4},"end":{"line":33,"column":11}},"26":{"start":{"line":38,"column":33},"end":{"line":41,"column":1}},"27":{"start":{"line":39,"column":16},"end":{"line":39,"column":86}},"28":{"start":{"line":40,"column":2},"end":{"line":40,"column":30}},"29":{"start":{"line":48,"column":0},"end":{"line":79,"column":3}},"30":{"start":{"line":48,"column":56},"end":{"line":79,"column":2}},"31":{"start":{"line":49,"column":46},"end":{"line":49,"column":54}},"32":{"start":{"line":51,"column":2},"end":{"line":78,"column":3}},"33":{"start":{"line":52,"column":4},"end":{"line":54,"column":5}},"34":{"start":{"line":53,"column":6},"end":{"line":53,"column":100}},"35":{"start":{"line":57,"column":4},"end":{"line":62,"column":5}},"36":{"start":{"line":58,"column":6},"end":{"line":61,"column":9}},"37":{"start":{"line":65,"column":19},"end":{"line":65,"column":72}},"38":{"start":{"line":66,"column":4},"end":{"line":68,"column":5}},"39":{"start":{"line":67,"column":6},"end":{"line":67,"column":107}},"40":{"start":{"line":70,"column":26},"end":{"line":70,"column":57}},"41":{"start":{"line":71,"column":4},"end":{"line":73,"column":7}},"42":{"start":{"line":75,"column":4},"end":{"line":75,"column":66}},"43":{"start":{"line":77,"column":4},"end":{"line":77,"column":68}},"44":{"start":{"line":82,"column":0},"end":{"line":97,"column":3}},"45":{"start":{"line":82,"column":53},"end":{"line":97,"column":2}},"46":{"start":{"line":83,"column":30},"end":{"line":83,"column":38}},"47":{"start":{"line":84,"column":2},"end":{"line":96,"column":3}},"48":{"start":{"line":85,"column":20},"end":{"line":85,"column":73}},"49":{"start":{"line":86,"column":4},"end":{"line":88,"column":5}},"50":{"start":{"line":87,"column":6},"end":{"line":87,"column":71}},"51":{"start":{"line":89,"column":18},"end":{"line":89,"column":102}},"52":{"start":{"line":90,"column":4},"end":{"line":93,"column":7}},"53":{"start":{"line":95,"column":4},"end":{"line":95,"column":66}},"54":{"start":{"line":100,"column":0},"end":{"line":147,"column":3}},"55":{"start":{"line":100,"column":76},"end":{"line":147,"column":2}},"56":{"start":{"line":101,"column":65},"end":{"line":101,"column":73}},"57":{"start":{"line":102,"column":20},"end":{"line":102,"column":31}},"58":{"start":{"line":104,"column":2},"end":{"line":146,"column":3}},"59":{"start":{"line":105,"column":22},"end":{"line":105,"column":24}},"60":{"start":{"line":108,"column":4},"end":{"line":110,"column":5}},"61":{"start":{"line":109,"column":6},"end":{"line":109,"column":43}},"62":{"start":{"line":113,"column":4},"end":{"line":121,"column":5}},"63":{"start":{"line":114,"column":6},"end":{"line":119,"column":7}},"64":{"start":{"line":115,"column":8},"end":{"line":118,"column":11}},"65":{"start":{"line":120,"column":6},"end":{"line":120,"column":59}},"66":{"start":{"line":124,"column":4},"end":{"line":127,"column":5}},"67":{"start":{"line":125,"column":6},"end":{"line":125,"column":141}},"68":{"start":{"line":125,"column":48},"end":{"line":125,"column":141}},"69":{"start":{"line":126,"column":6},"end":{"line":126,"column":45}},"70":{"start":{"line":129,"column":4},"end":{"line":132,"column":5}},"71":{"start":{"line":130,"column":6},"end":{"line":130,"column":128}},"72":{"start":{"line":130,"column":27},"end":{"line":130,"column":128}},"73":{"start":{"line":131,"column":6},"end":{"line":131,"column":45}},"74":{"start":{"line":135,"column":31},"end":{"line":138,"column":6}},"75":{"start":{"line":140,"column":45},"end":{"line":140,"column":63}},"76":{"start":{"line":140,"column":40},"end":{"line":140,"column":45}},"77":{"start":{"line":141,"column":4},"end":{"line":141,"column":76}},"78":{"start":{"line":144,"column":4},"end":{"line":144,"column":25}},"79":{"start":{"line":145,"column":4},"end":{"line":145,"column":77}},"80":{"start":{"line":150,"column":0},"end":{"line":152,"column":3}},"81":{"start":{"line":151,"column":2},"end":{"line":151,"column":57}},"82":{"start":{"line":155,"column":0},"end":{"line":162,"column":3}},"83":{"start":{"line":155,"column":76},"end":{"line":162,"column":2}},"84":{"start":{"line":156,"column":2},"end":{"line":161,"column":3}},"85":{"start":{"line":157,"column":4},"end":{"line":157,"column":64}},"86":{"start":{"line":158,"column":4},"end":{"line":158,"column":62}},"87":{"start":{"line":160,"column":4},"end":{"line":160,"column":67}},"88":{"start":{"line":168,"column":0},"end":{"line":188,"column":3}},"89":{"start":{"line":168,"column":68},"end":{"line":188,"column":2}},"90":{"start":{"line":169,"column":31},"end":{"line":169,"column":40}},"91":{"start":{"line":170,"column":20},"end":{"line":170,"column":31}},"92":{"start":{"line":172,"column":2},"end":{"line":187,"column":3}},"93":{"start":{"line":173,"column":25},"end":{"line":173,"column":50}},"94":{"start":{"line":175,"column":4},"end":{"line":175,"column":57}},"95":{"start":{"line":175,"column":19},"end":{"line":175,"column":57}},"96":{"start":{"line":176,"column":4},"end":{"line":176,"column":80}},"97":{"start":{"line":176,"column":15},"end":{"line":176,"column":80}},"98":{"start":{"line":178,"column":20},"end":{"line":183,"column":6}},"99":{"start":{"line":184,"column":4},"end":{"line":184,"column":22}},"100":{"start":{"line":186,"column":4},"end":{"line":186,"column":68}},"101":{"start":{"line":190,"column":0},"end":{"line":216,"column":3}},"102":{"start":{"line":190,"column":78},"end":{"line":216,"column":2}},"103":{"start":{"line":191,"column":2},"end":{"line":215,"column":3}},"104":{"start":{"line":192,"column":22},"end":{"line":192,"column":33}},"105":{"start":{"line":194,"column":20},"end":{"line":194,"column":81}},"106":{"start":{"line":195,"column":23},"end":{"line":195,"column":49}},"107":{"start":{"line":197,"column":24},"end":{"line":197,"column":34}},"108":{"start":{"line":198,"column":4},"end":{"line":198,"column":60}},"109":{"start":{"line":200,"column":29},"end":{"line":209,"column":6}},"110":{"start":{"line":211,"column":4},"end":{"line":211,"column":31}},"111":{"start":{"line":213,"column":4},"end":{"line":213,"column":68}},"112":{"start":{"line":214,"column":4},"end":{"line":214,"column":74}},"113":{"start":{"line":218,"column":0},"end":{"line":229,"column":3}},"114":{"start":{"line":218,"column":72},"end":{"line":229,"column":2}},"115":{"start":{"line":219,"column":17},"end":{"line":219,"column":27}},"116":{"start":{"line":220,"column":2},"end":{"line":228,"column":3}},"117":{"start":{"line":221,"column":19},"end":{"line":223,"column":6}},"118":{"start":{"line":224,"column":4},"end":{"line":224,"column":80}},"119":{"start":{"line":224,"column":17},"end":{"line":224,"column":80}},"120":{"start":{"line":225,"column":4},"end":{"line":225,"column":21}},"121":{"start":{"line":227,"column":4},"end":{"line":227,"column":66}},"122":{"start":{"line":231,"column":0},"end":{"line":264,"column":3}},"123":{"start":{"line":231,"column":69},"end":{"line":264,"column":2}},"124":{"start":{"line":232,"column":79},"end":{"line":232,"column":87}},"125":{"start":{"line":233,"column":21},"end":{"line":233,"column":32}},"126":{"start":{"line":235,"column":2},"end":{"line":263,"column":3}},"127":{"start":{"line":236,"column":4},"end":{"line":238,"column":5}},"128":{"start":{"line":237,"column":6},"end":{"line":237,"column":94}},"129":{"start":{"line":239,"column":4},"end":{"line":241,"column":5}},"130":{"start":{"line":240,"column":6},"end":{"line":240,"column":90}},"131":{"start":{"line":242,"column":4},"end":{"line":244,"column":5}},"132":{"start":{"line":243,"column":6},"end":{"line":243,"column":101}},"133":{"start":{"line":246,"column":24},"end":{"line":257,"column":6}},"134":{"start":{"line":259,"column":4},"end":{"line":259,"column":92}},"135":{"start":{"line":261,"column":4},"end":{"line":261,"column":25}},"136":{"start":{"line":262,"column":4},"end":{"line":262,"column":74}},"137":{"start":{"line":266,"column":0},"end":{"line":279,"column":3}},"138":{"start":{"line":266,"column":72},"end":{"line":279,"column":2}},"139":{"start":{"line":267,"column":17},"end":{"line":267,"column":27}},"140":{"start":{"line":268,"column":79},"end":{"line":268,"column":87}},"141":{"start":{"line":269,"column":2},"end":{"line":278,"column":3}},"142":{"start":{"line":270,"column":24},"end":{"line":273,"column":6}},"143":{"start":{"line":274,"column":4},"end":{"line":274,"column":96}},"144":{"start":{"line":274,"column":33},"end":{"line":274,"column":96}},"145":{"start":{"line":275,"column":4},"end":{"line":275,"column":62}},"146":{"start":{"line":277,"column":4},"end":{"line":277,"column":69}},"147":{"start":{"line":282,"column":0},"end":{"line":305,"column":3}},"148":{"start":{"line":282,"column":75},"end":{"line":305,"column":2}},"149":{"start":{"line":283,"column":2},"end":{"line":304,"column":3}},"150":{"start":{"line":284,"column":21},"end":{"line":284,"column":42}},"151":{"start":{"line":285,"column":19},"end":{"line":285,"column":38}},"152":{"start":{"line":287,"column":22},"end":{"line":289,"column":6}},"153":{"start":{"line":291,"column":4},"end":{"line":295,"column":5}},"154":{"start":{"line":292,"column":6},"end":{"line":294,"column":9}},"155":{"start":{"line":297,"column":4},"end":{"line":299,"column":7}},"156":{"start":{"line":301,"column":4},"end":{"line":301,"column":61}},"157":{"start":{"line":303,"column":4},"end":{"line":303,"column":85}},"158":{"start":{"line":308,"column":0},"end":{"line":341,"column":3}},"159":{"start":{"line":308,"column":78},"end":{"line":341,"column":2}},"160":{"start":{"line":309,"column":17},"end":{"line":309,"column":27}},"161":{"start":{"line":310,"column":24},"end":{"line":310,"column":32}},"162":{"start":{"line":312,"column":2},"end":{"line":340,"column":3}},"163":{"start":{"line":313,"column":21},"end":{"line":313,"column":31}},"164":{"start":{"line":314,"column":22},"end":{"line":314,"column":33}},"165":{"start":{"line":316,"column":20},"end":{"line":316,"column":81}},"166":{"start":{"line":317,"column":22},"end":{"line":317,"column":47}},"167":{"start":{"line":319,"column":22},"end":{"line":322,"column":6}},"168":{"start":{"line":324,"column":4},"end":{"line":334,"column":5}},"169":{"start":{"line":325,"column":18},"end":{"line":325,"column":28}},"170":{"start":{"line":326,"column":29},"end":{"line":326,"column":97}},"171":{"start":{"line":328,"column":6},"end":{"line":333,"column":7}},"172":{"start":{"line":329,"column":8},"end":{"line":332,"column":11}},"173":{"start":{"line":336,"column":21},"end":{"line":336,"column":92}},"174":{"start":{"line":337,"column":4},"end":{"line":337,"column":35}},"175":{"start":{"line":339,"column":4},"end":{"line":339,"column":65}},"176":{"start":{"line":343,"column":0},"end":{"line":362,"column":3}},"177":{"start":{"line":343,"column":80},"end":{"line":362,"column":2}},"178":{"start":{"line":344,"column":17},"end":{"line":344,"column":27}},"179":{"start":{"line":345,"column":2},"end":{"line":361,"column":3}},"180":{"start":{"line":346,"column":21},"end":{"line":346,"column":31}},"181":{"start":{"line":347,"column":16},"end":{"line":347,"column":26}},"182":{"start":{"line":348,"column":4},"end":{"line":348,"column":29}},"183":{"start":{"line":350,"column":21},"end":{"line":353,"column":6}},"184":{"start":{"line":355,"column":4},"end":{"line":355,"column":89}},"185":{"start":{"line":355,"column":19},"end":{"line":355,"column":89}},"186":{"start":{"line":357,"column":4},"end":{"line":357,"column":73}},"187":{"start":{"line":358,"column":4},"end":{"line":358,"column":53}},"188":{"start":{"line":360,"column":4},"end":{"line":360,"column":66}},"189":{"start":{"line":369,"column":0},"end":{"line":438,"column":3}},"190":{"start":{"line":369,"column":69},"end":{"line":438,"column":2}},"191":{"start":{"line":370,"column":32},"end":{"line":370,"column":40}},"192":{"start":{"line":371,"column":20},"end":{"line":371,"column":31}},"193":{"start":{"line":373,"column":2},"end":{"line":437,"column":3}},"194":{"start":{"line":374,"column":4},"end":{"line":376,"column":5}},"195":{"start":{"line":375,"column":6},"end":{"line":375,"column":77}},"196":{"start":{"line":378,"column":4},"end":{"line":380,"column":5}},"197":{"start":{"line":379,"column":6},"end":{"line":379,"column":93}},"198":{"start":{"line":382,"column":33},"end":{"line":384,"column":6}},"199":{"start":{"line":386,"column":4},"end":{"line":388,"column":5}},"200":{"start":{"line":387,"column":6},"end":{"line":387,"column":94}},"201":{"start":{"line":390,"column":23},"end":{"line":390,"column":72}},"202":{"start":{"line":390,"column":60},"end":{"line":390,"column":71}},"203":{"start":{"line":392,"column":4},"end":{"line":394,"column":5}},"204":{"start":{"line":393,"column":6},"end":{"line":393,"column":112}},"205":{"start":{"line":396,"column":23},"end":{"line":396,"column":93}},"206":{"start":{"line":396,"column":58},"end":{"line":396,"column":92}},"207":{"start":{"line":397,"column":4},"end":{"line":399,"column":5}},"208":{"start":{"line":398,"column":6},"end":{"line":398,"column":113}},"209":{"start":{"line":401,"column":30},"end":{"line":401,"column":61}},"210":{"start":{"line":403,"column":27},"end":{"line":406,"column":6}},"211":{"start":{"line":408,"column":28},"end":{"line":411,"column":6}},"212":{"start":{"line":409,"column":34},"end":{"line":409,"column":95}},"213":{"start":{"line":409,"column":66},"end":{"line":409,"column":77}},"214":{"start":{"line":410,"column":6},"end":{"line":410,"column":55}},"215":{"start":{"line":413,"column":4},"end":{"line":418,"column":5}},"216":{"start":{"line":414,"column":6},"end":{"line":417,"column":9}},"217":{"start":{"line":420,"column":24},"end":{"line":430,"column":6}},"218":{"start":{"line":425,"column":49},"end":{"line":427,"column":12}},"219":{"start":{"line":432,"column":4},"end":{"line":432,"column":88}},"220":{"start":{"line":435,"column":4},"end":{"line":435,"column":51}},"221":{"start":{"line":436,"column":4},"end":{"line":436,"column":75}},"222":{"start":{"line":441,"column":0},"end":{"line":454,"column":3}},"223":{"start":{"line":441,"column":68},"end":{"line":454,"column":2}},"224":{"start":{"line":442,"column":2},"end":{"line":453,"column":3}},"225":{"start":{"line":443,"column":20},"end":{"line":449,"column":6}},"226":{"start":{"line":450,"column":4},"end":{"line":450,"column":22}},"227":{"start":{"line":452,"column":4},"end":{"line":452,"column":67}},"228":{"start":{"line":457,"column":0},"end":{"line":468,"column":3}},"229":{"start":{"line":457,"column":83},"end":{"line":468,"column":2}},"230":{"start":{"line":458,"column":2},"end":{"line":467,"column":3}},"231":{"start":{"line":459,"column":25},"end":{"line":459,"column":33}},"232":{"start":{"line":460,"column":4},"end":{"line":463,"column":7}},"233":{"start":{"line":464,"column":4},"end":{"line":464,"column":61}},"234":{"start":{"line":466,"column":4},"end":{"line":466,"column":70}},"235":{"start":{"line":471,"column":0},"end":{"line":480,"column":3}},"236":{"start":{"line":471,"column":75},"end":{"line":480,"column":2}},"237":{"start":{"line":472,"column":2},"end":{"line":479,"column":3}},"238":{"start":{"line":473,"column":4},"end":{"line":475,"column":7}},"239":{"start":{"line":476,"column":4},"end":{"line":476,"column":61}},"240":{"start":{"line":478,"column":4},"end":{"line":478,"column":68}},"241":{"start":{"line":482,"column":0},"end":{"line":482,"column":19}},"242":{"start":{"line":484,"column":0},"end":{"line":487,"column":1}},"243":{"start":{"line":485,"column":15},"end":{"line":485,"column":39}},"244":{"start":{"line":486,"column":2},"end":{"line":486,"column":83}},"245":{"start":{"line":486,"column":25},"end":{"line":486,"column":81}}},"fnMap":{"0":{"name":"(anonymous_9)","decl":{"start":{"line":24,"column":26},"end":{"line":24,"column":27}},"loc":{"start":{"line":24,"column":60},"end":{"line":35,"column":1}}},"1":{"name":"(anonymous_10)","decl":{"start":{"line":30,"column":32},"end":{"line":30,"column":33}},"loc":{"start":{"line":30,"column":56},"end":{"line":34,"column":3}}},"2":{"name":"(anonymous_11)","decl":{"start":{"line":38,"column":33},"end":{"line":38,"column":34}},"loc":{"start":{"line":38,"column":54},"end":{"line":41,"column":1}}},"3":{"name":"(anonymous_12)","decl":{"start":{"line":48,"column":27},"end":{"line":48,"column":34}},"loc":{"start":{"line":48,"column":56},"end":{"line":79,"column":2}}},"4":{"name":"(anonymous_13)","decl":{"start":{"line":48,"column":56},"end":{"line":48,"column":null}},"loc":{"start":{"line":48,"column":56},"end":{"line":79,"column":1}}},"5":{"name":"(anonymous_14)","decl":{"start":{"line":82,"column":24},"end":{"line":82,"column":31}},"loc":{"start":{"line":82,"column":53},"end":{"line":97,"column":2}}},"6":{"name":"(anonymous_15)","decl":{"start":{"line":82,"column":53},"end":{"line":82,"column":null}},"loc":{"start":{"line":82,"column":53},"end":{"line":97,"column":1}}},"7":{"name":"(anonymous_16)","decl":{"start":{"line":100,"column":47},"end":{"line":100,"column":54}},"loc":{"start":{"line":100,"column":76},"end":{"line":147,"column":2}}},"8":{"name":"(anonymous_17)","decl":{"start":{"line":100,"column":76},"end":{"line":100,"column":null}},"loc":{"start":{"line":100,"column":76},"end":{"line":147,"column":1}}},"9":{"name":"(anonymous_18)","decl":{"start":{"line":150,"column":44},"end":{"line":150,"column":45}},"loc":{"start":{"line":150,"column":67},"end":{"line":152,"column":1}}},"10":{"name":"(anonymous_19)","decl":{"start":{"line":155,"column":47},"end":{"line":155,"column":54}},"loc":{"start":{"line":155,"column":76},"end":{"line":162,"column":2}}},"11":{"name":"(anonymous_20)","decl":{"start":{"line":155,"column":76},"end":{"line":155,"column":null}},"loc":{"start":{"line":155,"column":76},"end":{"line":162,"column":1}}},"12":{"name":"(anonymous_21)","decl":{"start":{"line":168,"column":39},"end":{"line":168,"column":46}},"loc":{"start":{"line":168,"column":68},"end":{"line":188,"column":2}}},"13":{"name":"(anonymous_22)","decl":{"start":{"line":168,"column":68},"end":{"line":168,"column":null}},"loc":{"start":{"line":168,"column":68},"end":{"line":188,"column":1}}},"14":{"name":"(anonymous_23)","decl":{"start":{"line":190,"column":49},"end":{"line":190,"column":56}},"loc":{"start":{"line":190,"column":78},"end":{"line":216,"column":2}}},"15":{"name":"(anonymous_24)","decl":{"start":{"line":190,"column":78},"end":{"line":190,"column":null}},"loc":{"start":{"line":190,"column":78},"end":{"line":216,"column":1}}},"16":{"name":"(anonymous_25)","decl":{"start":{"line":218,"column":43},"end":{"line":218,"column":50}},"loc":{"start":{"line":218,"column":72},"end":{"line":229,"column":2}}},"17":{"name":"(anonymous_26)","decl":{"start":{"line":218,"column":72},"end":{"line":218,"column":null}},"loc":{"start":{"line":218,"column":72},"end":{"line":229,"column":1}}},"18":{"name":"(anonymous_27)","decl":{"start":{"line":231,"column":40},"end":{"line":231,"column":47}},"loc":{"start":{"line":231,"column":69},"end":{"line":264,"column":2}}},"19":{"name":"(anonymous_28)","decl":{"start":{"line":231,"column":69},"end":{"line":231,"column":null}},"loc":{"start":{"line":231,"column":69},"end":{"line":264,"column":1}}},"20":{"name":"(anonymous_29)","decl":{"start":{"line":266,"column":43},"end":{"line":266,"column":50}},"loc":{"start":{"line":266,"column":72},"end":{"line":279,"column":2}}},"21":{"name":"(anonymous_30)","decl":{"start":{"line":266,"column":72},"end":{"line":266,"column":null}},"loc":{"start":{"line":266,"column":72},"end":{"line":279,"column":1}}},"22":{"name":"(anonymous_31)","decl":{"start":{"line":282,"column":46},"end":{"line":282,"column":53}},"loc":{"start":{"line":282,"column":75},"end":{"line":305,"column":2}}},"23":{"name":"(anonymous_32)","decl":{"start":{"line":282,"column":75},"end":{"line":282,"column":null}},"loc":{"start":{"line":282,"column":75},"end":{"line":305,"column":1}}},"24":{"name":"(anonymous_33)","decl":{"start":{"line":308,"column":49},"end":{"line":308,"column":56}},"loc":{"start":{"line":308,"column":78},"end":{"line":341,"column":2}}},"25":{"name":"(anonymous_34)","decl":{"start":{"line":308,"column":78},"end":{"line":308,"column":null}},"loc":{"start":{"line":308,"column":78},"end":{"line":341,"column":1}}},"26":{"name":"(anonymous_35)","decl":{"start":{"line":343,"column":51},"end":{"line":343,"column":58}},"loc":{"start":{"line":343,"column":80},"end":{"line":362,"column":2}}},"27":{"name":"(anonymous_36)","decl":{"start":{"line":343,"column":80},"end":{"line":343,"column":null}},"loc":{"start":{"line":343,"column":80},"end":{"line":362,"column":1}}},"28":{"name":"(anonymous_37)","decl":{"start":{"line":369,"column":40},"end":{"line":369,"column":47}},"loc":{"start":{"line":369,"column":69},"end":{"line":438,"column":2}}},"29":{"name":"(anonymous_38)","decl":{"start":{"line":369,"column":69},"end":{"line":369,"column":null}},"loc":{"start":{"line":369,"column":69},"end":{"line":438,"column":1}}},"30":{"name":"(anonymous_39)","decl":{"start":{"line":390,"column":48},"end":{"line":390,"column":49}},"loc":{"start":{"line":390,"column":60},"end":{"line":390,"column":71}}},"31":{"name":"(anonymous_40)","decl":{"start":{"line":396,"column":41},"end":{"line":396,"column":42}},"loc":{"start":{"line":396,"column":58},"end":{"line":396,"column":92}}},"32":{"name":"(anonymous_41)","decl":{"start":{"line":408,"column":48},"end":{"line":408,"column":49}},"loc":{"start":{"line":408,"column":64},"end":{"line":411,"column":5}}},"33":{"name":"(anonymous_42)","decl":{"start":{"line":409,"column":53},"end":{"line":409,"column":54}},"loc":{"start":{"line":409,"column":66},"end":{"line":409,"column":77}}},"34":{"name":"(anonymous_43)","decl":{"start":{"line":425,"column":32},"end":{"line":425,"column":33}},"loc":{"start":{"line":425,"column":49},"end":{"line":427,"column":12}}},"35":{"name":"(anonymous_44)","decl":{"start":{"line":441,"column":39},"end":{"line":441,"column":46}},"loc":{"start":{"line":441,"column":68},"end":{"line":454,"column":2}}},"36":{"name":"(anonymous_45)","decl":{"start":{"line":441,"column":68},"end":{"line":441,"column":null}},"loc":{"start":{"line":441,"column":68},"end":{"line":454,"column":1}}},"37":{"name":"(anonymous_46)","decl":{"start":{"line":457,"column":54},"end":{"line":457,"column":61}},"loc":{"start":{"line":457,"column":83},"end":{"line":468,"column":2}}},"38":{"name":"(anonymous_47)","decl":{"start":{"line":457,"column":83},"end":{"line":457,"column":null}},"loc":{"start":{"line":457,"column":83},"end":{"line":468,"column":1}}},"39":{"name":"(anonymous_48)","decl":{"start":{"line":471,"column":46},"end":{"line":471,"column":53}},"loc":{"start":{"line":471,"column":75},"end":{"line":480,"column":2}}},"40":{"name":"(anonymous_49)","decl":{"start":{"line":471,"column":75},"end":{"line":471,"column":null}},"loc":{"start":{"line":471,"column":75},"end":{"line":480,"column":1}}},"41":{"name":"(anonymous_50)","decl":{"start":{"line":486,"column":19},"end":{"line":486,"column":22}},"loc":{"start":{"line":486,"column":25},"end":{"line":486,"column":81}}}},"branchMap":{"0":{"loc":{"start":{"line":17,"column":19},"end":{"line":17,"column":78}},"type":"binary-expr","locations":[{"start":{"line":17,"column":19},"end":{"line":17,"column":41}},{"start":{"line":17,"column":45},"end":{"line":17,"column":78}}]},"1":{"loc":{"start":{"line":26,"column":16},"end":{"line":26,"column":54}},"type":"binary-expr","locations":[{"start":{"line":26,"column":16},"end":{"line":26,"column":26}},{"start":{"line":26,"column":30},"end":{"line":26,"column":54}}]},"2":{"loc":{"start":{"line":28,"column":2},"end":{"line":28,"column":97}},"type":"if","locations":[{"start":{"line":28,"column":2},"end":{"line":28,"column":97}},{"start":{},"end":{}}]},"3":{"loc":{"start":{"line":31,"column":4},"end":{"line":31,"column":85}},"type":"if","locations":[{"start":{"line":31,"column":4},"end":{"line":31,"column":85}},{"start":{},"end":{}}]},"4":{"loc":{"start":{"line":52,"column":4},"end":{"line":54,"column":5}},"type":"if","locations":[{"start":{"line":52,"column":4},"end":{"line":54,"column":5}},{"start":{},"end":{}}]},"5":{"loc":{"start":{"line":52,"column":8},"end":{"line":52,"column":46}},"type":"binary-expr","locations":[{"start":{"line":52,"column":8},"end":{"line":52,"column":23}},{"start":{"line":52,"column":27},"end":{"line":52,"column":33}},{"start":{"line":52,"column":37},"end":{"line":52,"column":46}}]},"6":{"loc":{"start":{"line":57,"column":4},"end":{"line":62,"column":5}},"type":"if","locations":[{"start":{"line":57,"column":4},"end":{"line":62,"column":5}},{"start":{},"end":{}}]},"7":{"loc":{"start":{"line":66,"column":4},"end":{"line":68,"column":5}},"type":"if","locations":[{"start":{"line":66,"column":4},"end":{"line":68,"column":5}},{"start":{},"end":{}}]},"8":{"loc":{"start":{"line":86,"column":4},"end":{"line":88,"column":5}},"type":"if","locations":[{"start":{"line":86,"column":4},"end":{"line":88,"column":5}},{"start":{},"end":{}}]},"9":{"loc":{"start":{"line":86,"column":8},"end":{"line":86,"column":76}},"type":"binary-expr","locations":[{"start":{"line":86,"column":8},"end":{"line":86,"column":16}},{"start":{"line":86,"column":20},"end":{"line":86,"column":76}}]},"10":{"loc":{"start":{"line":108,"column":4},"end":{"line":110,"column":5}},"type":"if","locations":[{"start":{"line":108,"column":4},"end":{"line":110,"column":5}},{"start":{},"end":{}}]},"11":{"loc":{"start":{"line":113,"column":4},"end":{"line":121,"column":5}},"type":"if","locations":[{"start":{"line":113,"column":4},"end":{"line":121,"column":5}},{"start":{},"end":{}}]},"12":{"loc":{"start":{"line":113,"column":8},"end":{"line":113,"column":42}},"type":"binary-expr","locations":[{"start":{"line":113,"column":8},"end":{"line":113,"column":16}},{"start":{"line":113,"column":20},"end":{"line":113,"column":42}}]},"13":{"loc":{"start":{"line":114,"column":6},"end":{"line":119,"column":7}},"type":"if","locations":[{"start":{"line":114,"column":6},"end":{"line":119,"column":7}},{"start":{},"end":{}}]},"14":{"loc":{"start":{"line":124,"column":4},"end":{"line":127,"column":5}},"type":"if","locations":[{"start":{"line":124,"column":4},"end":{"line":127,"column":5}},{"start":{},"end":{}}]},"15":{"loc":{"start":{"line":125,"column":6},"end":{"line":125,"column":141}},"type":"if","locations":[{"start":{"line":125,"column":6},"end":{"line":125,"column":141}},{"start":{},"end":{}}]},"16":{"loc":{"start":{"line":125,"column":10},"end":{"line":125,"column":46}},"type":"binary-expr","locations":[{"start":{"line":125,"column":10},"end":{"line":125,"column":25}},{"start":{"line":125,"column":29},"end":{"line":125,"column":46}}]},"17":{"loc":{"start":{"line":129,"column":4},"end":{"line":132,"column":5}},"type":"if","locations":[{"start":{"line":129,"column":4},"end":{"line":132,"column":5}},{"start":{},"end":{}}]},"18":{"loc":{"start":{"line":130,"column":6},"end":{"line":130,"column":128}},"type":"if","locations":[{"start":{"line":130,"column":6},"end":{"line":130,"column":128}},{"start":{},"end":{}}]},"19":{"loc":{"start":{"line":175,"column":4},"end":{"line":175,"column":57}},"type":"if","locations":[{"start":{"line":175,"column":4},"end":{"line":175,"column":57}},{"start":{},"end":{}}]},"20":{"loc":{"start":{"line":176,"column":4},"end":{"line":176,"column":80}},"type":"if","locations":[{"start":{"line":176,"column":4},"end":{"line":176,"column":80}},{"start":{},"end":{}}]},"21":{"loc":{"start":{"line":195,"column":23},"end":{"line":195,"column":49}},"type":"cond-expr","locations":[{"start":{"line":195,"column":43},"end":{"line":195,"column":47}},{"start":{"line":195,"column":47},"end":{"line":195,"column":49}}]},"22":{"loc":{"start":{"line":195,"column":23},"end":{"line":195,"column":47}},"type":"binary-expr","locations":[{"start":{"line":195,"column":23},"end":{"line":195,"column":47}},{"start":{"line":195,"column":43},"end":{"line":195,"column":47}}]},"23":{"loc":{"start":{"line":195,"column":23},"end":{"line":195,"column":43}},"type":"cond-expr","locations":[{"start":{"line":195,"column":30},"end":{"line":195,"column":32}},{"start":{"line":195,"column":23},"end":{"line":195,"column":43}}]},"24":{"loc":{"start":{"line":195,"column":23},"end":{"line":195,"column":32}},"type":"binary-expr","locations":[{"start":{"line":195,"column":23},"end":{"line":195,"column":32}},{"start":{"line":195,"column":23},"end":{"line":195,"column":32}}]},"25":{"loc":{"start":{"line":224,"column":4},"end":{"line":224,"column":80}},"type":"if","locations":[{"start":{"line":224,"column":4},"end":{"line":224,"column":80}},{"start":{},"end":{}}]},"26":{"loc":{"start":{"line":236,"column":4},"end":{"line":238,"column":5}},"type":"if","locations":[{"start":{"line":236,"column":4},"end":{"line":238,"column":5}},{"start":{},"end":{}}]},"27":{"loc":{"start":{"line":236,"column":8},"end":{"line":236,"column":45}},"type":"binary-expr","locations":[{"start":{"line":236,"column":8},"end":{"line":236,"column":18}},{"start":{"line":236,"column":22},"end":{"line":236,"column":45}}]},"28":{"loc":{"start":{"line":239,"column":4},"end":{"line":241,"column":5}},"type":"if","locations":[{"start":{"line":239,"column":4},"end":{"line":241,"column":5}},{"start":{},"end":{}}]},"29":{"loc":{"start":{"line":239,"column":8},"end":{"line":239,"column":37}},"type":"binary-expr","locations":[{"start":{"line":239,"column":8},"end":{"line":239,"column":14}},{"start":{"line":239,"column":18},"end":{"line":239,"column":37}}]},"30":{"loc":{"start":{"line":242,"column":4},"end":{"line":244,"column":5}},"type":"if","locations":[{"start":{"line":242,"column":4},"end":{"line":244,"column":5}},{"start":{},"end":{}}]},"31":{"loc":{"start":{"line":242,"column":8},"end":{"line":242,"column":43}},"type":"binary-expr","locations":[{"start":{"line":242,"column":8},"end":{"line":242,"column":17}},{"start":{"line":242,"column":21},"end":{"line":242,"column":43}}]},"32":{"loc":{"start":{"line":251,"column":16},"end":{"line":251,"column":30}},"type":"binary-expr","locations":[{"start":{"line":251,"column":16},"end":{"line":251,"column":22}},{"start":{"line":251,"column":26},"end":{"line":251,"column":30}}]},"33":{"loc":{"start":{"line":252,"column":17},"end":{"line":252,"column":32}},"type":"binary-expr","locations":[{"start":{"line":252,"column":17},"end":{"line":252,"column":24}},{"start":{"line":252,"column":28},"end":{"line":252,"column":32}}]},"34":{"loc":{"start":{"line":253,"column":20},"end":{"line":253,"column":39}},"type":"binary-expr","locations":[{"start":{"line":253,"column":20},"end":{"line":253,"column":30}},{"start":{"line":253,"column":34},"end":{"line":253,"column":39}}]},"35":{"loc":{"start":{"line":254,"column":17},"end":{"line":254,"column":33}},"type":"binary-expr","locations":[{"start":{"line":254,"column":17},"end":{"line":254,"column":24}},{"start":{"line":254,"column":28},"end":{"line":254,"column":33}}]},"36":{"loc":{"start":{"line":274,"column":4},"end":{"line":274,"column":96}},"type":"if","locations":[{"start":{"line":274,"column":4},"end":{"line":274,"column":96}},{"start":{},"end":{}}]},"37":{"loc":{"start":{"line":291,"column":4},"end":{"line":295,"column":5}},"type":"if","locations":[{"start":{"line":291,"column":4},"end":{"line":295,"column":5}},{"start":{},"end":{}}]},"38":{"loc":{"start":{"line":317,"column":22},"end":{"line":317,"column":47}},"type":"binary-expr","locations":[{"start":{"line":317,"column":22},"end":{"line":317,"column":42}},{"start":{"line":317,"column":46},"end":{"line":317,"column":47}}]},"39":{"loc":{"start":{"line":317,"column":22},"end":{"line":317,"column":42}},"type":"cond-expr","locations":[{"start":{"line":317,"column":29},"end":{"line":317,"column":31}},{"start":{"line":317,"column":22},"end":{"line":317,"column":42}}]},"40":{"loc":{"start":{"line":317,"column":22},"end":{"line":317,"column":31}},"type":"binary-expr","locations":[{"start":{"line":317,"column":22},"end":{"line":317,"column":31}},{"start":{"line":317,"column":22},"end":{"line":317,"column":31}}]},"41":{"loc":{"start":{"line":324,"column":4},"end":{"line":334,"column":5}},"type":"if","locations":[{"start":{"line":324,"column":4},"end":{"line":334,"column":5}},{"start":{},"end":{}}]},"42":{"loc":{"start":{"line":324,"column":8},"end":{"line":324,"column":31}},"type":"binary-expr","locations":[{"start":{"line":324,"column":8},"end":{"line":324,"column":17}},{"start":{"line":324,"column":21},"end":{"line":324,"column":31}}]},"43":{"loc":{"start":{"line":328,"column":6},"end":{"line":333,"column":7}},"type":"if","locations":[{"start":{"line":328,"column":6},"end":{"line":333,"column":7}},{"start":{},"end":{}}]},"44":{"loc":{"start":{"line":355,"column":4},"end":{"line":355,"column":89}},"type":"if","locations":[{"start":{"line":355,"column":4},"end":{"line":355,"column":89}},{"start":{},"end":{}}]},"45":{"loc":{"start":{"line":374,"column":4},"end":{"line":376,"column":5}},"type":"if","locations":[{"start":{"line":374,"column":4},"end":{"line":376,"column":5}},{"start":{},"end":{}}]},"46":{"loc":{"start":{"line":374,"column":8},"end":{"line":374,"column":39}},"type":"binary-expr","locations":[{"start":{"line":374,"column":8},"end":{"line":374,"column":15}},{"start":{"line":374,"column":19},"end":{"line":374,"column":39}}]},"47":{"loc":{"start":{"line":378,"column":4},"end":{"line":380,"column":5}},"type":"if","locations":[{"start":{"line":378,"column":4},"end":{"line":380,"column":5}},{"start":{},"end":{}}]},"48":{"loc":{"start":{"line":378,"column":8},"end":{"line":378,"column":42}},"type":"binary-expr","locations":[{"start":{"line":378,"column":8},"end":{"line":378,"column":18}},{"start":{"line":378,"column":22},"end":{"line":378,"column":42}}]},"49":{"loc":{"start":{"line":386,"column":4},"end":{"line":388,"column":5}},"type":"if","locations":[{"start":{"line":386,"column":4},"end":{"line":388,"column":5}},{"start":{},"end":{}}]},"50":{"loc":{"start":{"line":392,"column":4},"end":{"line":394,"column":5}},"type":"if","locations":[{"start":{"line":392,"column":4},"end":{"line":394,"column":5}},{"start":{},"end":{}}]},"51":{"loc":{"start":{"line":397,"column":4},"end":{"line":399,"column":5}},"type":"if","locations":[{"start":{"line":397,"column":4},"end":{"line":399,"column":5}},{"start":{},"end":{}}]},"52":{"loc":{"start":{"line":413,"column":4},"end":{"line":418,"column":5}},"type":"if","locations":[{"start":{"line":413,"column":4},"end":{"line":418,"column":5}},{"start":{},"end":{}}]},"53":{"loc":{"start":{"line":484,"column":0},"end":{"line":487,"column":1}},"type":"if","locations":[{"start":{"line":484,"column":0},"end":{"line":487,"column":1}},{"start":{},"end":{}}]},"54":{"loc":{"start":{"line":485,"column":15},"end":{"line":485,"column":39}},"type":"binary-expr","locations":[{"start":{"line":485,"column":15},"end":{"line":485,"column":31}},{"start":{"line":485,"column":35},"end":{"line":485,"column":39}}]}},"s":{"0":2,"1":2,"2":2,"3":2,"4":2,"5":2,"6":2,"7":2,"8":2,"9":2,"10":2,"11":2,"12":2,"13":2,"14":2,"15":2,"16":2,"17":30,"18":30,"19":30,"20":1,"21":29,"22":29,"23":1,"24":28,"25":28,"26":2,"27":6,"28":6,"29":2,"30":6,"31":6,"32":6,"33":6,"34":1,"35":5,"36":1,"37":4,"38":4,"39":1,"40":3,"41":3,"42":3,"43":0,"44":2,"45":4,"46":4,"47":4,"48":4,"49":4,"50":1,"51":3,"52":3,"53":0,"54":2,"55":4,"56":4,"57":4,"58":4,"59":4,"60":4,"61":1,"62":4,"63":1,"64":1,"65":0,"66":3,"67":2,"68":1,"69":1,"70":2,"71":1,"72":1,"73":0,"74":1,"75":1,"76":1,"77":1,"78":0,"79":0,"80":2,"81":0,"82":2,"83":1,"84":1,"85":1,"86":1,"87":0,"88":2,"89":1,"90":1,"91":1,"92":1,"93":1,"94":1,"95":0,"96":1,"97":0,"98":1,"99":1,"100":0,"101":2,"102":1,"103":1,"104":1,"105":1,"106":1,"107":1,"108":1,"109":1,"110":1,"111":0,"112":0,"113":2,"114":2,"115":2,"116":2,"117":2,"118":2,"119":1,"120":1,"121":0,"122":2,"123":7,"124":7,"125":7,"126":7,"127":7,"128":1,"129":6,"130":1,"131":5,"132":1,"133":4,"134":4,"135":0,"136":0,"137":2,"138":1,"139":1,"140":1,"141":1,"142":1,"143":1,"144":0,"145":1,"146":0,"147":2,"148":2,"149":2,"150":2,"151":2,"152":2,"153":2,"154":1,"155":1,"156":1,"157":0,"158":2,"159":1,"160":1,"161":1,"162":1,"163":1,"164":1,"165":1,"166":1,"167":1,"168":1,"169":0,"170":0,"171":0,"172":0,"173":1,"174":1,"175":0,"176":2,"177":1,"178":1,"179":1,"180":1,"181":1,"182":1,"183":1,"184":1,"185":0,"186":1,"187":1,"188":0,"189":2,"190":4,"191":4,"192":4,"193":4,"194":4,"195":0,"196":4,"197":0,"198":4,"199":4,"200":0,"201":4,"202":8,"203":4,"204":1,"205":3,"206":6,"207":3,"208":1,"209":2,"210":2,"211":2,"212":1,"213":2,"214":1,"215":2,"216":1,"217":1,"218":2,"219":1,"220":0,"221":0,"222":2,"223":1,"224":1,"225":1,"226":1,"227":0,"228":2,"229":1,"230":1,"231":1,"232":1,"233":1,"234":0,"235":2,"236":1,"237":1,"238":1,"239":1,"240":0,"241":2,"242":2,"243":0,"244":0,"245":0},"f":{"0":30,"1":29,"2":6,"3":6,"4":6,"5":4,"6":4,"7":4,"8":4,"9":0,"10":1,"11":1,"12":1,"13":1,"14":1,"15":1,"16":2,"17":2,"18":7,"19":7,"20":1,"21":1,"22":2,"23":2,"24":1,"25":1,"26":1,"27":1,"28":4,"29":4,"30":8,"31":6,"32":1,"33":2,"34":2,"35":1,"36":1,"37":1,"38":1,"39":1,"40":1,"41":0},"b":{"0":[2,2],"1":[30,29],"2":[1,29],"3":[1,28],"4":[1,5],"5":[6,5,5],"6":[1,4],"7":[1,3],"8":[1,3],"9":[4,4],"10":[1,3],"11":[1,3],"12":[4,1],"13":[1,0],"14":[2,1],"15":[1,1],"16":[2,1],"17":[1,1],"18":[1,0],"19":[0,1],"20":[0,1],"21":[1,0],"22":[1,1],"23":[0,1],"24":[1,1],"25":[1,1],"26":[1,6],"27":[7,6],"28":[1,5],"29":[6,5],"30":[1,4],"31":[5,4],"32":[4,4],"33":[4,4],"34":[4,4],"35":[4,4],"36":[0,1],"37":[1,1],"38":[1,0],"39":[0,1],"40":[1,1],"41":[0,1],"42":[1,0],"43":[0,0],"44":[0,1],"45":[0,4],"46":[4,4],"47":[0,4],"48":[4,4],"49":[0,4],"50":[1,3],"51":[1,2],"52":[1,1],"53":[0,2],"54":[0,0]}}
}
