TN:
SF:src\index.ts
FN:24,(anonymous_9)
FN:30,(anonymous_10)
FN:38,(anonymous_11)
FN:48,(anonymous_12)
FN:48,(anonymous_13)
FN:82,(anonymous_14)
FN:82,(anonymous_15)
FN:100,(anonymous_16)
FN:100,(anonymous_17)
FN:150,(anonymous_18)
FN:155,(anonymous_19)
FN:155,(anonymous_20)
FN:168,(anonymous_21)
FN:168,(anonymous_22)
FN:190,(anonymous_23)
FN:190,(anonymous_24)
FN:218,(anonymous_25)
FN:218,(anonymous_26)
FN:231,(anonymous_27)
FN:231,(anonymous_28)
FN:266,(anonymous_29)
FN:266,(anonymous_30)
FN:282,(anonymous_31)
FN:282,(anonymous_32)
FN:308,(anonymous_33)
FN:308,(anonymous_34)
FN:343,(anonymous_35)
FN:343,(anonymous_36)
FN:369,(anonymous_37)
FN:369,(anonymous_38)
FN:390,(anonymous_39)
FN:396,(anonymous_40)
FN:408,(anonymous_41)
FN:409,(anonymous_42)
FN:425,(anonymous_43)
FN:441,(anonymous_44)
FN:441,(anonymous_45)
FN:457,(anonymous_46)
FN:457,(anonymous_47)
FN:471,(anonymous_48)
FN:471,(anonymous_49)
FN:486,(anonymous_50)
FNF:42
FNH:40
FNDA:30,(anonymous_9)
FNDA:29,(anonymous_10)
FNDA:6,(anonymous_11)
FNDA:6,(anonymous_12)
FNDA:6,(anonymous_13)
FNDA:4,(anonymous_14)
FNDA:4,(anonymous_15)
FNDA:4,(anonymous_16)
FNDA:4,(anonymous_17)
FNDA:0,(anonymous_18)
FNDA:1,(anonymous_19)
FNDA:1,(anonymous_20)
FNDA:1,(anonymous_21)
FNDA:1,(anonymous_22)
FNDA:1,(anonymous_23)
FNDA:1,(anonymous_24)
FNDA:2,(anonymous_25)
FNDA:2,(anonymous_26)
FNDA:7,(anonymous_27)
FNDA:7,(anonymous_28)
FNDA:1,(anonymous_29)
FNDA:1,(anonymous_30)
FNDA:2,(anonymous_31)
FNDA:2,(anonymous_32)
FNDA:1,(anonymous_33)
FNDA:1,(anonymous_34)
FNDA:1,(anonymous_35)
FNDA:1,(anonymous_36)
FNDA:4,(anonymous_37)
FNDA:4,(anonymous_38)
FNDA:8,(anonymous_39)
FNDA:6,(anonymous_40)
FNDA:1,(anonymous_41)
FNDA:2,(anonymous_42)
FNDA:2,(anonymous_43)
FNDA:1,(anonymous_44)
FNDA:1,(anonymous_45)
FNDA:1,(anonymous_46)
FNDA:1,(anonymous_47)
FNDA:1,(anonymous_48)
FNDA:1,(anonymous_49)
FNDA:0,(anonymous_50)
DA:1,2
DA:2,2
DA:3,2
DA:4,2
DA:5,2
DA:6,2
DA:7,2
DA:8,2
DA:10,2
DA:12,2
DA:13,2
DA:14,2
DA:15,2
DA:17,2
DA:19,2
DA:20,2
DA:24,2
DA:25,30
DA:26,30
DA:28,30
DA:30,29
DA:31,29
DA:32,28
DA:33,28
DA:38,2
DA:39,6
DA:40,6
DA:48,6
DA:49,6
DA:51,6
DA:52,6
DA:53,1
DA:57,5
DA:58,1
DA:65,4
DA:66,4
DA:67,1
DA:70,3
DA:71,3
DA:75,3
DA:77,0
DA:82,4
DA:83,4
DA:84,4
DA:85,4
DA:86,4
DA:87,1
DA:89,3
DA:90,3
DA:95,0
DA:100,4
DA:101,4
DA:102,4
DA:104,4
DA:105,4
DA:108,4
DA:109,1
DA:113,4
DA:114,1
DA:115,1
DA:120,0
DA:124,3
DA:125,2
DA:126,1
DA:129,2
DA:130,1
DA:131,0
DA:135,1
DA:140,1
DA:141,1
DA:144,0
DA:145,0
DA:150,2
DA:151,0
DA:155,2
DA:156,1
DA:157,1
DA:158,1
DA:160,0
DA:168,2
DA:169,1
DA:170,1
DA:172,1
DA:173,1
DA:175,1
DA:176,1
DA:178,1
DA:184,1
DA:186,0
DA:190,2
DA:191,1
DA:192,1
DA:194,1
DA:195,1
DA:197,1
DA:198,1
DA:200,1
DA:211,1
DA:213,0
DA:214,0
DA:218,2
DA:219,2
DA:220,2
DA:221,2
DA:224,2
DA:225,1
DA:227,0
DA:231,7
DA:232,7
DA:233,7
DA:235,7
DA:236,7
DA:237,1
DA:239,6
DA:240,1
DA:242,5
DA:243,1
DA:246,4
DA:259,4
DA:261,0
DA:262,0
DA:266,2
DA:267,1
DA:268,1
DA:269,1
DA:270,1
DA:274,1
DA:275,1
DA:277,0
DA:282,2
DA:283,2
DA:284,2
DA:285,2
DA:287,2
DA:291,2
DA:292,1
DA:297,1
DA:301,1
DA:303,0
DA:308,2
DA:309,1
DA:310,1
DA:312,1
DA:313,1
DA:314,1
DA:316,1
DA:317,1
DA:319,1
DA:324,1
DA:325,0
DA:326,0
DA:328,0
DA:329,0
DA:336,1
DA:337,1
DA:339,0
DA:343,2
DA:344,1
DA:345,1
DA:346,1
DA:347,1
DA:348,1
DA:350,1
DA:355,1
DA:357,1
DA:358,1
DA:360,0
DA:369,4
DA:370,4
DA:371,4
DA:373,4
DA:374,4
DA:375,0
DA:378,4
DA:379,0
DA:382,4
DA:386,4
DA:387,0
DA:390,8
DA:392,4
DA:393,1
DA:396,6
DA:397,3
DA:398,1
DA:401,2
DA:403,2
DA:408,2
DA:409,2
DA:410,1
DA:413,2
DA:414,1
DA:420,1
DA:425,2
DA:432,1
DA:435,0
DA:436,0
DA:441,2
DA:442,1
DA:443,1
DA:450,1
DA:452,0
DA:457,2
DA:458,1
DA:459,1
DA:460,1
DA:464,1
DA:466,0
DA:471,2
DA:472,1
DA:473,1
DA:476,1
DA:478,0
DA:482,2
DA:484,2
DA:485,0
DA:486,0
LF:216
LH:184
BRDA:17,0,0,2
BRDA:17,0,1,2
BRDA:26,1,0,30
BRDA:26,1,1,29
BRDA:28,2,0,1
BRDA:28,2,1,29
BRDA:31,3,0,1
BRDA:31,3,1,28
BRDA:52,4,0,1
BRDA:52,4,1,5
BRDA:52,5,0,6
BRDA:52,5,1,5
BRDA:52,5,2,5
BRDA:57,6,0,1
BRDA:57,6,1,4
BRDA:66,7,0,1
BRDA:66,7,1,3
BRDA:86,8,0,1
BRDA:86,8,1,3
BRDA:86,9,0,4
BRDA:86,9,1,4
BRDA:108,10,0,1
BRDA:108,10,1,3
BRDA:113,11,0,1
BRDA:113,11,1,3
BRDA:113,12,0,4
BRDA:113,12,1,1
BRDA:114,13,0,1
BRDA:114,13,1,0
BRDA:124,14,0,2
BRDA:124,14,1,1
BRDA:125,15,0,1
BRDA:125,15,1,1
BRDA:125,16,0,2
BRDA:125,16,1,1
BRDA:129,17,0,1
BRDA:129,17,1,1
BRDA:130,18,0,1
BRDA:130,18,1,0
BRDA:175,19,0,0
BRDA:175,19,1,1
BRDA:176,20,0,0
BRDA:176,20,1,1
BRDA:195,21,0,1
BRDA:195,21,1,0
BRDA:195,22,0,1
BRDA:195,22,1,1
BRDA:195,23,0,0
BRDA:195,23,1,1
BRDA:195,24,0,1
BRDA:195,24,1,1
BRDA:224,25,0,1
BRDA:224,25,1,1
BRDA:236,26,0,1
BRDA:236,26,1,6
BRDA:236,27,0,7
BRDA:236,27,1,6
BRDA:239,28,0,1
BRDA:239,28,1,5
BRDA:239,29,0,6
BRDA:239,29,1,5
BRDA:242,30,0,1
BRDA:242,30,1,4
BRDA:242,31,0,5
BRDA:242,31,1,4
BRDA:251,32,0,4
BRDA:251,32,1,4
BRDA:252,33,0,4
BRDA:252,33,1,4
BRDA:253,34,0,4
BRDA:253,34,1,4
BRDA:254,35,0,4
BRDA:254,35,1,4
BRDA:274,36,0,0
BRDA:274,36,1,1
BRDA:291,37,0,1
BRDA:291,37,1,1
BRDA:317,38,0,1
BRDA:317,38,1,0
BRDA:317,39,0,0
BRDA:317,39,1,1
BRDA:317,40,0,1
BRDA:317,40,1,1
BRDA:324,41,0,0
BRDA:324,41,1,1
BRDA:324,42,0,1
BRDA:324,42,1,0
BRDA:328,43,0,0
BRDA:328,43,1,0
BRDA:355,44,0,0
BRDA:355,44,1,1
BRDA:374,45,0,0
BRDA:374,45,1,4
BRDA:374,46,0,4
BRDA:374,46,1,4
BRDA:378,47,0,0
BRDA:378,47,1,4
BRDA:378,48,0,4
BRDA:378,48,1,4
BRDA:386,49,0,0
BRDA:386,49,1,4
BRDA:392,50,0,1
BRDA:392,50,1,3
BRDA:397,51,0,1
BRDA:397,51,1,2
BRDA:413,52,0,1
BRDA:413,52,1,1
BRDA:484,53,0,0
BRDA:484,53,1,2
BRDA:485,54,0,0
BRDA:485,54,1,0
BRF:111
BRH:91
end_of_record
